[04-Nov-2023 07:13:20 UTC] PHP Warning:  The magic method Shapely_Related_Posts::__wakeup() must have public visibility in /Users/gudaninephiphidi/Local Sites/gudani/app/public/wp-content/themes/shapely/inc/class-shapely-related-posts.php on line 89
[08-Nov-2023 14:01:06 UTC] PHP Warning:  Trying to access array offset on value of type bool in /Users/gudaninephiphidi/Local Sites/gudani/app/public/wp-content/plugins/elementor/includes/managers/image.php on line 113
[08-Nov-2023 14:01:06 UTC] PHP Warning:  Trying to access array offset on value of type bool in /Users/gudaninephiphidi/Local Sites/gudani/app/public/wp-content/plugins/elementor/includes/managers/image.php on line 113
[08-Nov-2023 14:01:06 UTC] PHP Warning:  Trying to access array offset on value of type bool in /Users/gudaninephiphidi/Local Sites/gudani/app/public/wp-content/plugins/elementor/includes/managers/image.php on line 113
[08-Nov-2023 14:01:06 UTC] PHP Warning:  Trying to access array offset on value of type bool in /Users/gudaninephiphidi/Local Sites/gudani/app/public/wp-content/plugins/elementor/includes/managers/image.php on line 113
[08-Nov-2023 14:01:06 UTC] PHP Warning:  Trying to access array offset on value of type bool in /Users/gudaninephiphidi/Local Sites/gudani/app/public/wp-content/plugins/elementor/includes/managers/image.php on line 113
[08-Nov-2023 14:01:06 UTC] PHP Warning:  Trying to access array offset on value of type bool in /Users/gudaninephiphidi/Local Sites/gudani/app/public/wp-content/plugins/elementor/includes/managers/image.php on line 113
[08-Nov-2023 14:01:06 UTC] PHP Warning:  Trying to access array offset on value of type bool in /Users/gudaninephiphidi/Local Sites/gudani/app/public/wp-content/plugins/elementor/includes/managers/image.php on line 113
[08-Nov-2023 14:01:06 UTC] PHP Warning:  Trying to access array offset on value of type bool in /Users/gudaninephiphidi/Local Sites/gudani/app/public/wp-content/plugins/elementor/includes/managers/image.php on line 113
[08-Nov-2023 14:01:06 UTC] PHP Warning:  Trying to access array offset on value of type bool in /Users/gudaninephiphidi/Local Sites/gudani/app/public/wp-content/plugins/elementor/includes/managers/image.php on line 113
[08-Nov-2023 14:01:06 UTC] PHP Warning:  Trying to access array offset on value of type bool in /Users/gudaninephiphidi/Local Sites/gudani/app/public/wp-content/plugins/elementor/includes/managers/image.php on line 113
[08-Nov-2023 14:01:06 UTC] PHP Warning:  Trying to access array offset on value of type bool in /Users/gudaninephiphidi/Local Sites/gudani/app/public/wp-content/plugins/elementor/includes/managers/image.php on line 113
[11-Nov-2023 09:22:41 UTC] PHP Fatal error:  Uncaught Error: Call to undefined function Elementor\Core\get_plugins() in /Users/gudaninephiphidi/Local Sites/gudani/app/public/wp-content/plugins/elementor/core/wp-api.php:26
Stack trace:
#0 /Users/gudaninephiphidi/Local Sites/gudani/app/public/wp-content/plugins/elementor/modules/compatibility-tag/base-module.php(96): Elementor\Core\Wp_Api->get_plugins()
#1 /Users/gudaninephiphidi/Local Sites/gudani/app/public/wp-content/plugins/elementor/modules/compatibility-tag/base-module.php(58): Elementor\Modules\CompatibilityTag\Base_Module->get_plugins_with_header()
#2 /Users/gudaninephiphidi/Local Sites/gudani/app/public/wp-content/plugins/elementor/modules/compatibility-tag/module.php(57): Elementor\Modules\CompatibilityTag\Base_Module->get_plugins_to_check()
#3 /Users/gudaninephiphidi/Local Sites/gudani/app/public/wp-content/plugins/elementor/modules/compatibility-tag/base-module.php(148): Elementor\Modules\CompatibilityTag\Module->get_plugins_to_check()
#4 /Users/gudaninephiphidi/Local Sites/gudani/app/public/wp-includes/class-wp-hook.php(324): Elementor\Modules\CompatibilityTag\Base_Module->Elementor\Modules\CompatibilityTag\{closure}('')
#5 /Users/gudaninephiphidi/Local Sites/gudani/app/public/wp-includes/class-wp-hook.php(348): WP_Hook->apply_filters('', Array)
#6 /Users/gudaninephiphidi/Local Sites/gudani/app/public/wp-includes/plugin.php(517): WP_Hook->do_action(Array)
#7 /Users/gudaninephiphidi/Local Sites/gudani/app/public/wp-content/plugins/elementor/modules/system-info/module.php(340): do_action('elementor/syste...')
#8 /Users/gudaninephiphidi/Local Sites/gudani/app/public/wp-content/plugins/elementor/includes/tracker.php(241): Elementor\Modules\System_Info\Module::get_allowed_reports()
#9 /Users/gudaninephiphidi/Local Sites/gudani/app/public/wp-content/plugins/elementor/includes/tracker.php(530): Elementor\Tracker::get_system_reports_data()
#10 /Users/gudaninephiphidi/Local Sites/gudani/app/public/wp-content/plugins/elementor/includes/tracker.php(141): Elementor\Tracker::get_tracking_data(false)
#11 /Users/gudaninephiphidi/Local Sites/gudani/app/public/wp-includes/class-wp-hook.php(324): Elementor\Tracker::send_tracking_data()
#12 /Users/gudaninephiphidi/Local Sites/gudani/app/public/wp-includes/class-wp-hook.php(348): WP_Hook->apply_filters('', Array)
#13 /Users/gudaninephiphidi/Local Sites/gudani/app/public/wp-includes/plugin.php(565): WP_Hook->do_action(Array)
#14 /Users/gudaninephiphidi/Local Sites/gudani/app/public/wp-cron.php(191): do_action_ref_array('elementor/track...', Array)
#15 {main}
  thrown in /Users/gudaninephiphidi/Local Sites/gudani/app/public/wp-content/plugins/elementor/core/wp-api.php on line 26
[17-Nov-2023 08:23:57 UTC] PHP Warning:  Undefined array key "id" in /Users/gudaninephiphidi/Local Sites/gudani/app/public/wp-content/plugins/elementor/includes/managers/image.php on line 41
[17-Nov-2023 08:23:57 UTC] PHP Warning:  Undefined array key "id" in /Users/gudaninephiphidi/Local Sites/gudani/app/public/wp-content/plugins/elementor/includes/managers/image.php on line 41
[17-Nov-2023 08:23:57 UTC] PHP Warning:  Trying to access array offset on value of type bool in /Users/gudaninephiphidi/Local Sites/gudani/app/public/wp-content/plugins/elementor/includes/managers/image.php on line 113
[17-Nov-2023 08:23:57 UTC] PHP Warning:  Trying to access array offset on value of type bool in /Users/gudaninephiphidi/Local Sites/gudani/app/public/wp-content/plugins/elementor/includes/managers/image.php on line 113
[17-Nov-2023 08:23:57 UTC] PHP Warning:  Trying to access array offset on value of type bool in /Users/gudaninephiphidi/Local Sites/gudani/app/public/wp-content/plugins/elementor/includes/managers/image.php on line 113
[17-Nov-2023 08:23:57 UTC] PHP Warning:  Trying to access array offset on value of type bool in /Users/gudaninephiphidi/Local Sites/gudani/app/public/wp-content/plugins/elementor/includes/managers/image.php on line 113
[17-Nov-2023 08:23:57 UTC] PHP Warning:  Trying to access array offset on value of type bool in /Users/gudaninephiphidi/Local Sites/gudani/app/public/wp-content/plugins/elementor/includes/managers/image.php on line 113
[17-Nov-2023 08:23:57 UTC] PHP Warning:  Trying to access array offset on value of type bool in /Users/gudaninephiphidi/Local Sites/gudani/app/public/wp-content/plugins/elementor/includes/managers/image.php on line 113
[17-Nov-2023 08:23:57 UTC] PHP Warning:  Trying to access array offset on value of type bool in /Users/gudaninephiphidi/Local Sites/gudani/app/public/wp-content/plugins/elementor/includes/managers/image.php on line 113
[17-Nov-2023 08:23:57 UTC] PHP Warning:  Trying to access array offset on value of type bool in /Users/gudaninephiphidi/Local Sites/gudani/app/public/wp-content/plugins/elementor/includes/managers/image.php on line 113
[17-Nov-2023 08:23:57 UTC] PHP Warning:  Trying to access array offset on value of type bool in /Users/gudaninephiphidi/Local Sites/gudani/app/public/wp-content/plugins/elementor/includes/managers/image.php on line 113
[17-Nov-2023 08:23:57 UTC] PHP Warning:  Trying to access array offset on value of type bool in /Users/gudaninephiphidi/Local Sites/gudani/app/public/wp-content/plugins/elementor/includes/managers/image.php on line 113
[17-Nov-2023 08:23:57 UTC] PHP Warning:  Trying to access array offset on value of type bool in /Users/gudaninephiphidi/Local Sites/gudani/app/public/wp-content/plugins/elementor/includes/managers/image.php on line 113
[24-Nov-2023 17:30:24 UTC] PHP Warning:  An unexpected error occurred. Something may be wrong with WordPress.org or this server&#8217;s configuration. If you continue to have problems, please try the <a href="https://wordpress.org/support/forums/">support forums</a>. (WordPress could not establish a secure connection to WordPress.org. Please contact your server administrator.) in /Users/gudaninephiphidi/Local Sites/gudani/app/public/wp-includes/update.php on line 211
[24-Nov-2023 17:42:28 UTC] PHP Warning:  An unexpected error occurred. Something may be wrong with WordPress.org or this server&#8217;s configuration. If you continue to have problems, please try the <a href="https://wordpress.org/support/forums/">support forums</a>. (WordPress could not establish a secure connection to WordPress.org. Please contact your server administrator.) in /Users/gudaninephiphidi/Local Sites/gudani/app/public/wp-includes/update.php on line 449
[18-Dec-2023 10:28:55 UTC] PHP Warning:  Trying to access array offset on value of type bool in /Users/gudaninephiphidi/Local Sites/gudani/app/public/wp-content/plugins/elementor/includes/managers/image.php on line 113
[18-Dec-2023 10:28:55 UTC] PHP Warning:  Trying to access array offset on value of type bool in /Users/gudaninephiphidi/Local Sites/gudani/app/public/wp-content/plugins/elementor/includes/managers/image.php on line 113
[18-Dec-2023 10:28:55 UTC] PHP Warning:  Trying to access array offset on value of type bool in /Users/gudaninephiphidi/Local Sites/gudani/app/public/wp-content/plugins/elementor/includes/managers/image.php on line 113
[18-Dec-2023 10:28:55 UTC] PHP Warning:  Trying to access array offset on value of type bool in /Users/gudaninephiphidi/Local Sites/gudani/app/public/wp-content/plugins/elementor/includes/managers/image.php on line 113
[18-Dec-2023 10:28:55 UTC] PHP Warning:  Trying to access array offset on value of type bool in /Users/gudaninephiphidi/Local Sites/gudani/app/public/wp-content/plugins/elementor/includes/managers/image.php on line 113
[18-Dec-2023 10:28:55 UTC] PHP Warning:  Trying to access array offset on value of type bool in /Users/gudaninephiphidi/Local Sites/gudani/app/public/wp-content/plugins/elementor/includes/managers/image.php on line 113
[18-Dec-2023 10:28:55 UTC] PHP Warning:  Trying to access array offset on value of type bool in /Users/gudaninephiphidi/Local Sites/gudani/app/public/wp-content/plugins/elementor/includes/managers/image.php on line 113
[18-Dec-2023 10:28:55 UTC] PHP Warning:  Trying to access array offset on value of type bool in /Users/gudaninephiphidi/Local Sites/gudani/app/public/wp-content/plugins/elementor/includes/managers/image.php on line 113
[18-Dec-2023 10:28:55 UTC] PHP Warning:  Trying to access array offset on value of type bool in /Users/gudaninephiphidi/Local Sites/gudani/app/public/wp-content/plugins/elementor/includes/managers/image.php on line 113
[18-Dec-2023 10:28:55 UTC] PHP Warning:  Trying to access array offset on value of type bool in /Users/gudaninephiphidi/Local Sites/gudani/app/public/wp-content/plugins/elementor/includes/managers/image.php on line 113
[18-Dec-2023 10:28:55 UTC] PHP Warning:  Trying to access array offset on value of type bool in /Users/gudaninephiphidi/Local Sites/gudani/app/public/wp-content/plugins/elementor/includes/managers/image.php on line 113
[18-Dec-2023 10:32:10 UTC] PHP Warning:  Trying to access array offset on value of type bool in /Users/gudaninephiphidi/Local Sites/gudani/app/public/wp-content/plugins/elementor/includes/managers/image.php on line 113
[18-Dec-2023 10:32:19 UTC] PHP Warning:  Trying to access array offset on value of type bool in /Users/gudaninephiphidi/Local Sites/gudani/app/public/wp-content/plugins/elementor/includes/managers/image.php on line 113
[18-Dec-2023 10:32:19 UTC] PHP Warning:  Trying to access array offset on value of type bool in /Users/gudaninephiphidi/Local Sites/gudani/app/public/wp-content/plugins/elementor/includes/managers/image.php on line 113
[18-Dec-2023 10:32:19 UTC] PHP Warning:  Trying to access array offset on value of type bool in /Users/gudaninephiphidi/Local Sites/gudani/app/public/wp-content/plugins/elementor/includes/managers/image.php on line 113
[18-Dec-2023 10:32:19 UTC] PHP Warning:  Trying to access array offset on value of type bool in /Users/gudaninephiphidi/Local Sites/gudani/app/public/wp-content/plugins/elementor/includes/managers/image.php on line 113
[18-Dec-2023 10:32:19 UTC] PHP Warning:  Trying to access array offset on value of type bool in /Users/gudaninephiphidi/Local Sites/gudani/app/public/wp-content/plugins/elementor/includes/managers/image.php on line 113
[18-Dec-2023 10:32:19 UTC] PHP Warning:  Trying to access array offset on value of type bool in /Users/gudaninephiphidi/Local Sites/gudani/app/public/wp-content/plugins/elementor/includes/managers/image.php on line 113
[18-Dec-2023 10:32:19 UTC] PHP Warning:  Trying to access array offset on value of type bool in /Users/gudaninephiphidi/Local Sites/gudani/app/public/wp-content/plugins/elementor/includes/managers/image.php on line 113
[18-Dec-2023 10:32:19 UTC] PHP Warning:  Trying to access array offset on value of type bool in /Users/gudaninephiphidi/Local Sites/gudani/app/public/wp-content/plugins/elementor/includes/managers/image.php on line 113
[18-Dec-2023 10:32:19 UTC] PHP Warning:  Trying to access array offset on value of type bool in /Users/gudaninephiphidi/Local Sites/gudani/app/public/wp-content/plugins/elementor/includes/managers/image.php on line 113
[18-Dec-2023 10:32:19 UTC] PHP Warning:  Trying to access array offset on value of type bool in /Users/gudaninephiphidi/Local Sites/gudani/app/public/wp-content/plugins/elementor/includes/managers/image.php on line 113
[18-Dec-2023 10:32:19 UTC] PHP Warning:  Trying to access array offset on value of type bool in /Users/gudaninephiphidi/Local Sites/gudani/app/public/wp-content/plugins/elementor/includes/managers/image.php on line 113
[18-Dec-2023 10:32:19 UTC] PHP Warning:  Trying to access array offset on value of type bool in /Users/gudaninephiphidi/Local Sites/gudani/app/public/wp-content/plugins/elementor/includes/managers/image.php on line 113
[18-Dec-2023 10:32:19 UTC] PHP Warning:  Trying to access array offset on value of type bool in /Users/gudaninephiphidi/Local Sites/gudani/app/public/wp-content/plugins/elementor/includes/managers/image.php on line 113
[18-Dec-2023 10:32:19 UTC] PHP Warning:  Trying to access array offset on value of type bool in /Users/gudaninephiphidi/Local Sites/gudani/app/public/wp-content/plugins/elementor/includes/managers/image.php on line 113
[18-Dec-2023 10:32:19 UTC] PHP Warning:  Trying to access array offset on value of type bool in /Users/gudaninephiphidi/Local Sites/gudani/app/public/wp-content/plugins/elementor/includes/managers/image.php on line 113
[18-Dec-2023 10:32:19 UTC] PHP Warning:  Trying to access array offset on value of type bool in /Users/gudaninephiphidi/Local Sites/gudani/app/public/wp-content/plugins/elementor/includes/managers/image.php on line 113
[18-Dec-2023 10:32:19 UTC] PHP Warning:  Trying to access array offset on value of type bool in /Users/gudaninephiphidi/Local Sites/gudani/app/public/wp-content/plugins/elementor/includes/managers/image.php on line 113
[18-Dec-2023 10:32:19 UTC] PHP Warning:  Trying to access array offset on value of type bool in /Users/gudaninephiphidi/Local Sites/gudani/app/public/wp-content/plugins/elementor/includes/managers/image.php on line 113
[18-Dec-2023 10:32:19 UTC] PHP Warning:  Trying to access array offset on value of type bool in /Users/gudaninephiphidi/Local Sites/gudani/app/public/wp-content/plugins/elementor/includes/managers/image.php on line 113
[18-Dec-2023 10:32:19 UTC] PHP Warning:  Trying to access array offset on value of type bool in /Users/gudaninephiphidi/Local Sites/gudani/app/public/wp-content/plugins/elementor/includes/managers/image.php on line 113
[18-Dec-2023 10:32:19 UTC] PHP Warning:  Trying to access array offset on value of type bool in /Users/gudaninephiphidi/Local Sites/gudani/app/public/wp-content/plugins/elementor/includes/managers/image.php on line 113
[18-Dec-2023 10:32:19 UTC] PHP Warning:  Trying to access array offset on value of type bool in /Users/gudaninephiphidi/Local Sites/gudani/app/public/wp-content/plugins/elementor/includes/managers/image.php on line 113
[18-Dec-2023 10:32:19 UTC] PHP Warning:  Trying to access array offset on value of type bool in /Users/gudaninephiphidi/Local Sites/gudani/app/public/wp-content/plugins/elementor/includes/managers/image.php on line 113
[18-Dec-2023 10:32:19 UTC] PHP Warning:  Trying to access array offset on value of type bool in /Users/gudaninephiphidi/Local Sites/gudani/app/public/wp-content/plugins/elementor/includes/managers/image.php on line 113
[18-Dec-2023 10:32:19 UTC] PHP Warning:  Trying to access array offset on value of type bool in /Users/gudaninephiphidi/Local Sites/gudani/app/public/wp-content/plugins/elementor/includes/managers/image.php on line 113
[18-Dec-2023 10:32:19 UTC] PHP Warning:  Trying to access array offset on value of type bool in /Users/gudaninephiphidi/Local Sites/gudani/app/public/wp-content/plugins/elementor/includes/managers/image.php on line 113
[18-Dec-2023 10:32:19 UTC] PHP Warning:  Trying to access array offset on value of type bool in /Users/gudaninephiphidi/Local Sites/gudani/app/public/wp-content/plugins/elementor/includes/managers/image.php on line 113
[18-Dec-2023 10:32:19 UTC] PHP Warning:  Trying to access array offset on value of type bool in /Users/gudaninephiphidi/Local Sites/gudani/app/public/wp-content/plugins/elementor/includes/managers/image.php on line 113
[18-Dec-2023 10:32:19 UTC] PHP Warning:  Trying to access array offset on value of type bool in /Users/gudaninephiphidi/Local Sites/gudani/app/public/wp-content/plugins/elementor/includes/managers/image.php on line 113
[18-Dec-2023 10:32:19 UTC] PHP Warning:  Trying to access array offset on value of type bool in /Users/gudaninephiphidi/Local Sites/gudani/app/public/wp-content/plugins/elementor/includes/managers/image.php on line 113
[18-Dec-2023 10:32:20 UTC] PHP Warning:  Trying to access array offset on value of type bool in /Users/gudaninephiphidi/Local Sites/gudani/app/public/wp-content/plugins/elementor/includes/managers/image.php on line 113
[18-Dec-2023 10:33:29 UTC] PHP Warning:  Trying to access array offset on value of type bool in /Users/gudaninephiphidi/Local Sites/gudani/app/public/wp-content/plugins/elementor/includes/managers/image.php on line 113
