[03-Nov-2023 07:26:20] NOTICE: fpm is running, pid 1278
[03-Nov-2023 07:26:20] NOTICE: ready to handle connections
[03-Nov-2023 15:43:34] NOTICE: Terminating ...
[03-Nov-2023 15:43:34] NOTICE: Terminating ...
[03-Nov-2023 15:43:34] NOTICE: exiting, bye-bye!
[04-Nov-2023 08:15:54] NOTICE: fpm is running, pid 1113
[04-Nov-2023 08:15:54] NOTICE: ready to handle connections
[04-Nov-2023 23:51:13] NOTICE: Terminating ...
[04-Nov-2023 23:51:13] NOTICE: Terminating ...
[04-Nov-2023 23:51:13] NOTICE: exiting, bye-bye!
[05-Nov-2023 16:23:30] NOTICE: fpm is running, pid 1367
[05-Nov-2023 16:23:30] NOTICE: ready to handle connections
[06-Nov-2023 00:04:27] NOTICE: Terminating ...
[06-Nov-2023 00:04:27] NOTICE: Terminating ...
[06-Nov-2023 00:04:27] NOTICE: exiting, bye-bye!
[06-Nov-2023 08:34:21] NOTICE: fpm is running, pid 1547
[06-Nov-2023 08:34:21] NOTICE: ready to handle connections
[06-Nov-2023 21:13:08] NOTICE: Terminating ...
[06-Nov-2023 21:13:08] NOTICE: Terminating ...
[06-Nov-2023 21:13:08] NOTICE: exiting, bye-bye!
[07-Nov-2023 13:45:02] NOTICE: fpm is running, pid 3649
[07-Nov-2023 13:45:02] NOTICE: ready to handle connections
[07-Nov-2023 14:53:25] NOTICE: Terminating ...
[07-Nov-2023 14:53:25] NOTICE: Terminating ...
[07-Nov-2023 14:53:25] NOTICE: exiting, bye-bye!
[08-Nov-2023 15:30:35] NOTICE: fpm is running, pid 4505
[08-Nov-2023 15:30:35] NOTICE: ready to handle connections
[08-Nov-2023 23:12:58] NOTICE: Terminating ...
[08-Nov-2023 23:12:58] NOTICE: Terminating ...
[08-Nov-2023 23:12:58] NOTICE: exiting, bye-bye!
[10-Nov-2023 16:00:26] NOTICE: fpm is running, pid 3498
[10-Nov-2023 16:00:26] NOTICE: ready to handle connections
[10-Nov-2023 22:08:38] NOTICE: Terminating ...
[10-Nov-2023 22:08:38] NOTICE: Terminating ...
[10-Nov-2023 22:08:38] NOTICE: exiting, bye-bye!
[11-Nov-2023 05:47:03] NOTICE: fpm is running, pid 1249
[11-Nov-2023 05:47:03] NOTICE: ready to handle connections
[11-Nov-2023 12:18:56] NOTICE: Terminating ...
[11-Nov-2023 12:18:56] NOTICE: Terminating ...
[11-Nov-2023 12:18:56] NOTICE: exiting, bye-bye!
[14-Nov-2023 13:39:36] NOTICE: fpm is running, pid 3932
[14-Nov-2023 13:39:36] NOTICE: ready to handle connections
[14-Nov-2023 17:50:22] NOTICE: Terminating ...
[14-Nov-2023 17:50:22] NOTICE: Terminating ...
[14-Nov-2023 17:50:22] NOTICE: exiting, bye-bye!
[15-Nov-2023 21:48:26] NOTICE: fpm is running, pid 2083
[15-Nov-2023 21:48:26] NOTICE: ready to handle connections
[16-Nov-2023 00:48:04] NOTICE: Terminating ...
[16-Nov-2023 00:48:04] NOTICE: Terminating ...
[16-Nov-2023 00:48:04] NOTICE: exiting, bye-bye!
[17-Nov-2023 08:28:08] NOTICE: fpm is running, pid 1426
[17-Nov-2023 08:28:08] NOTICE: ready to handle connections
[18-Nov-2023 01:39:39] NOTICE: Terminating ...
[18-Nov-2023 01:39:39] NOTICE: Terminating ...
[18-Nov-2023 01:39:39] NOTICE: exiting, bye-bye!
[18-Nov-2023 08:35:24] NOTICE: fpm is running, pid 1445
[18-Nov-2023 08:35:24] NOTICE: ready to handle connections
[21-Nov-2023 01:52:41] NOTICE: fpm is running, pid 1822
[21-Nov-2023 01:52:41] NOTICE: ready to handle connections
[21-Nov-2023 01:52:58] NOTICE: Terminating ...
[21-Nov-2023 01:52:58] NOTICE: Terminating ...
[21-Nov-2023 01:52:58] NOTICE: exiting, bye-bye!
[21-Nov-2023 01:52:58] NOTICE: fpm is running, pid 1870
[21-Nov-2023 01:52:58] NOTICE: ready to handle connections
[21-Nov-2023 01:53:39] NOTICE: Terminating ...
[21-Nov-2023 01:53:39] NOTICE: Terminating ...
[21-Nov-2023 01:53:39] NOTICE: exiting, bye-bye!
[21-Nov-2023 01:53:39] NOTICE: fpm is running, pid 1912
[21-Nov-2023 01:53:39] NOTICE: ready to handle connections
[21-Nov-2023 01:53:52] NOTICE: Terminating ...
[21-Nov-2023 01:53:52] NOTICE: Terminating ...
[21-Nov-2023 01:53:52] NOTICE: exiting, bye-bye!
[21-Nov-2023 01:53:52] NOTICE: fpm is running, pid 1956
[21-Nov-2023 01:53:52] NOTICE: ready to handle connections
[21-Nov-2023 01:54:12] NOTICE: Terminating ...
[21-Nov-2023 01:54:12] NOTICE: Terminating ...
[21-Nov-2023 01:54:12] NOTICE: exiting, bye-bye!
[21-Nov-2023 01:54:12] NOTICE: fpm is running, pid 2025
[21-Nov-2023 01:54:12] NOTICE: ready to handle connections
[21-Nov-2023 01:54:29] NOTICE: Terminating ...
[21-Nov-2023 01:54:29] NOTICE: Terminating ...
[21-Nov-2023 01:54:29] NOTICE: exiting, bye-bye!
[21-Nov-2023 01:54:31] NOTICE: fpm is running, pid 2091
[21-Nov-2023 01:54:31] NOTICE: ready to handle connections
[21-Nov-2023 01:56:42] NOTICE: Terminating ...
[21-Nov-2023 01:56:42] NOTICE: Terminating ...
[21-Nov-2023 01:56:42] NOTICE: exiting, bye-bye!
[21-Nov-2023 01:56:42] NOTICE: fpm is running, pid 2442
[21-Nov-2023 01:56:42] NOTICE: ready to handle connections
[21-Nov-2023 01:57:28] NOTICE: Terminating ...
[21-Nov-2023 01:57:28] NOTICE: Terminating ...
[21-Nov-2023 01:57:28] NOTICE: exiting, bye-bye!
[21-Nov-2023 01:59:46] NOTICE: fpm is running, pid 1169
[21-Nov-2023 01:59:46] NOTICE: ready to handle connections
[21-Nov-2023 04:52:23] NOTICE: Terminating ...
[21-Nov-2023 04:52:23] NOTICE: Terminating ...
[21-Nov-2023 04:52:23] NOTICE: exiting, bye-bye!
[21-Nov-2023 08:57:28] NOTICE: fpm is running, pid 1222
[21-Nov-2023 08:57:28] NOTICE: ready to handle connections
[21-Nov-2023 14:37:13] NOTICE: Terminating ...
[21-Nov-2023 14:37:13] NOTICE: Terminating ...
[21-Nov-2023 14:37:13] NOTICE: exiting, bye-bye!
[21-Nov-2023 17:44:57] NOTICE: fpm is running, pid 1420
[21-Nov-2023 17:44:57] NOTICE: ready to handle connections
[21-Nov-2023 17:46:22] NOTICE: Terminating ...
[21-Nov-2023 17:46:22] NOTICE: Terminating ...
[21-Nov-2023 17:46:22] NOTICE: exiting, bye-bye!
[21-Nov-2023 20:37:46] NOTICE: fpm is running, pid 1091
[21-Nov-2023 20:37:46] NOTICE: ready to handle connections
[22-Nov-2023 01:25:41] NOTICE: Terminating ...
[22-Nov-2023 01:25:41] NOTICE: Terminating ...
[22-Nov-2023 01:25:41] NOTICE: exiting, bye-bye!
[22-Nov-2023 09:45:26] NOTICE: fpm is running, pid 1833
[22-Nov-2023 09:45:26] NOTICE: ready to handle connections
[22-Nov-2023 16:57:43] NOTICE: Terminating ...
[22-Nov-2023 16:57:43] NOTICE: Terminating ...
[22-Nov-2023 16:57:43] NOTICE: exiting, bye-bye!
[23-Nov-2023 05:03:27] NOTICE: fpm is running, pid 1264
[23-Nov-2023 05:03:27] NOTICE: ready to handle connections
[23-Nov-2023 14:24:02] NOTICE: Terminating ...
[23-Nov-2023 14:24:02] NOTICE: Terminating ...
[23-Nov-2023 14:24:02] NOTICE: exiting, bye-bye!
[24-Nov-2023 18:41:57] NOTICE: fpm is running, pid 5538
[24-Nov-2023 18:41:57] NOTICE: ready to handle connections
[24-Nov-2023 22:57:13] NOTICE: Terminating ...
[24-Nov-2023 22:57:13] NOTICE: Terminating ...
[24-Nov-2023 22:57:13] NOTICE: exiting, bye-bye!
[02-Dec-2023 12:18:25] NOTICE: fpm is running, pid 1775
[02-Dec-2023 12:18:25] NOTICE: ready to handle connections
[02-Dec-2023 21:26:41] NOTICE: Terminating ...
[02-Dec-2023 21:26:41] NOTICE: Terminating ...
[02-Dec-2023 21:26:41] NOTICE: exiting, bye-bye!
[05-Dec-2023 00:23:09] NOTICE: fpm is running, pid 1171
[05-Dec-2023 00:23:09] NOTICE: ready to handle connections
[05-Dec-2023 04:09:09] NOTICE: Terminating ...
[05-Dec-2023 04:09:09] NOTICE: Terminating ...
[05-Dec-2023 04:09:09] NOTICE: exiting, bye-bye!
[05-Dec-2023 14:07:56] NOTICE: fpm is running, pid 3214
[05-Dec-2023 14:07:56] NOTICE: ready to handle connections
[06-Dec-2023 00:56:38] NOTICE: Terminating ...
[06-Dec-2023 00:56:38] NOTICE: Terminating ...
[06-Dec-2023 00:56:38] NOTICE: exiting, bye-bye!
[06-Dec-2023 16:11:14] NOTICE: fpm is running, pid 19840
[06-Dec-2023 16:11:14] NOTICE: ready to handle connections
[06-Dec-2023 23:19:19] NOTICE: Terminating ...
[06-Dec-2023 23:19:19] NOTICE: Terminating ...
[06-Dec-2023 23:19:19] NOTICE: exiting, bye-bye!
[07-Dec-2023 09:22:09] NOTICE: fpm is running, pid 45789
[07-Dec-2023 09:22:09] NOTICE: ready to handle connections
[07-Dec-2023 16:06:01] NOTICE: Terminating ...
[07-Dec-2023 16:06:01] NOTICE: Terminating ...
[07-Dec-2023 16:06:01] NOTICE: exiting, bye-bye!
[09-Dec-2023 10:40:26] NOTICE: fpm is running, pid 1412
[09-Dec-2023 10:40:26] NOTICE: ready to handle connections
[10-Dec-2023 23:02:37] NOTICE: Terminating ...
[10-Dec-2023 23:02:37] NOTICE: Terminating ...
[10-Dec-2023 23:02:37] NOTICE: exiting, bye-bye!
[11-Dec-2023 12:07:45] NOTICE: fpm is running, pid 38539
[11-Dec-2023 12:07:45] NOTICE: ready to handle connections
[11-Dec-2023 15:08:17] NOTICE: Terminating ...
[11-Dec-2023 15:08:17] NOTICE: Terminating ...
[11-Dec-2023 15:08:17] NOTICE: exiting, bye-bye!
[11-Dec-2023 18:03:34] NOTICE: fpm is running, pid 41331
[11-Dec-2023 18:03:34] NOTICE: ready to handle connections
[11-Dec-2023 21:57:23] NOTICE: Terminating ...
[11-Dec-2023 21:57:23] NOTICE: Terminating ...
[11-Dec-2023 21:57:23] NOTICE: exiting, bye-bye!
[14-Dec-2023 20:33:48] NOTICE: fpm is running, pid 3389
[14-Dec-2023 20:33:48] NOTICE: ready to handle connections
[15-Dec-2023 01:59:00] NOTICE: Terminating ...
[15-Dec-2023 01:59:00] NOTICE: Terminating ...
[15-Dec-2023 01:59:00] NOTICE: exiting, bye-bye!
[18-Dec-2023 09:16:52] NOTICE: fpm is running, pid 43089
[18-Dec-2023 09:16:52] NOTICE: ready to handle connections
[18-Dec-2023 15:45:45] NOTICE: Terminating ...
[18-Dec-2023 15:45:45] NOTICE: Terminating ...
[18-Dec-2023 15:45:45] NOTICE: exiting, bye-bye!
[08-Jan-2024 06:57:11] NOTICE: fpm is running, pid 1297
[08-Jan-2024 06:57:11] NOTICE: ready to handle connections
[08-Jan-2024 07:17:24] NOTICE: Terminating ...
[08-Jan-2024 07:17:24] NOTICE: Terminating ...
[08-Jan-2024 07:17:24] NOTICE: exiting, bye-bye!
[09-Jan-2024 20:43:30] NOTICE: fpm is running, pid 1889
[09-Jan-2024 20:43:30] NOTICE: ready to handle connections
[09-Jan-2024 23:20:10] NOTICE: Terminating ...
[09-Jan-2024 23:20:10] NOTICE: Terminating ...
[09-Jan-2024 23:20:10] NOTICE: exiting, bye-bye!
[10-Jan-2024 21:10:28] NOTICE: fpm is running, pid 1688
[10-Jan-2024 21:10:28] NOTICE: ready to handle connections
[11-Jan-2024 06:10:12] NOTICE: Terminating ...
[11-Jan-2024 06:10:12] NOTICE: Terminating ...
[11-Jan-2024 06:10:12] NOTICE: exiting, bye-bye!
[15-Jan-2024 08:48:46] NOTICE: fpm is running, pid 99023
[15-Jan-2024 08:48:46] NOTICE: ready to handle connections
[15-Jan-2024 15:22:40] NOTICE: Terminating ...
[15-Jan-2024 15:22:40] NOTICE: Terminating ...
[15-Jan-2024 15:22:40] NOTICE: exiting, bye-bye!
[15-Jan-2024 20:34:58] NOTICE: fpm is running, pid 2088
[15-Jan-2024 20:34:58] NOTICE: ready to handle connections
[16-Jan-2024 00:27:51] NOTICE: Terminating ...
[16-Jan-2024 00:27:51] NOTICE: Terminating ...
[16-Jan-2024 00:27:51] NOTICE: exiting, bye-bye!
[16-Jan-2024 08:21:12] NOTICE: fpm is running, pid 1463
[16-Jan-2024 08:21:12] NOTICE: ready to handle connections
